Arguments: 
  /usr/local/bin/node /usr/local/bin/yarn add react react-dom

PATH: 
  /usr/local/opt/postgresql@14/bin:/usr/local/opt/postgresql@14.5/bin:/usr/local/opt/postgresql@14.5/bin:/usr/local/opt/postgresql@10/bin:/Users/markotuya0/.rbenv/shims:/usr/local/bin:/usr/bin:/bin:/usr/sbin:/sbin:/usr/local/opt/postgresql@14/bin:/usr/local/opt/postgresql@14.5/bin:/usr/local/opt/postgresql@10/bin:/Users/markotuya0/.rbenv/shims

Yarn version: 
  1.22.19

Node version: 
  16.17.1

Platform: 
  darwin x64

Trace: 
  Error: https://registry.yarnpkg.com/react-redux: ESOCKETTIMEDOUT
      at ClientRequest.<anonymous> (/usr/local/lib/node_modules/yarn/lib/cli.js:141517:19)
      at Object.onceWrapper (node:events:627:28)
      at ClientRequest.emit (node:events:513:28)
      at TLSSocket.emitRequestTimeout (node:_http_client:814:9)
      at Object.onceWrapper (node:events:627:28)
      at TLSSocket.emit (node:events:525:35)
      at TLSSocket.Socket._onTimeout (node:net:526:8)
      at listOnTimeout (node:internal/timers:559:17)
      at processTimers (node:internal/timers:502:7)

npm manifest: 
  {
    "name": "app",
    "private": "true",
    "scripts": {
      "build": "webpack --config webpack.config.js"
    },
    "dependencies": {
      "@babel/core": "^7.20.5",
      "@babel/preset-env": "^7.20.2",
      "@babel/preset-react": "^7.18.6",
      "@reduxjs/toolkit": "^1.9.1",
      "babel-loader": "^9.1.0",
      "react": "^18.2.0",
      "react-dom": "^18.2.0",
      "react-redux": "^8.0.5",
      "react-router-dom": "^6.5.0",
      "redux": "^4.2.0",
      "webpack": "^5.75.0"
    },
    "devDependencies": {
      "@redux-devtools/core": "^3.13.1"
    }
  }

yarn manifest: 
  No manifest

Lockfile: 
  No lockfile
